<?xml version="1.0" encoding="UTF-8"?>
<testsuite xmlns:xsi="http://www.w3.org/2001/XMLSchema-instance" xsi:noNamespaceSchemaLocation="https://maven.apache.org/surefire/maven-surefire-plugin/xsd/surefire-test-report.xsd" name="org.example.HW6_pageObject.TestWithLogin" time="123.024" tests="6" errors="2" skipped="0" failures="1">
  <properties>
[...]
</properties>
  <testcase name="lookForShop" classname="org.example.HW6_pageObject.TestWithLogin" time="16.272"/>
  <testcase name="addItemIntoCart" classname="org.example.HW6_pageObject.TestWithLogin" time="22.205">
    <error message="timeout: Timed out receiving message from renderer: 9.263&#10;  (Session info: chrome=103.0.5060.66)&#10;Build info: version: &apos;4.0.0&apos;, revision: &apos;3a21814679&apos;&#10;System info: host: &apos;LAPTOP-9BAGK8HD&apos;, ip: &apos;192.168.77.148&apos;, os.name: &apos;Windows 11&apos;, os.arch: &apos;amd64&apos;, os.version: &apos;10.0&apos;, java.version: &apos;11.0.15&apos;&#10;Driver info: org.openqa.selenium.chrome.ChromeDriver&#10;Command: [b2f10eb235da23882062237008ac2788, get {url=https://zakka.ru/}]&#10;Capabilities {acceptInsecureCerts: false, browserName: chrome, browserVersion: 103.0.5060.66, chrome: {chromedriverVersion: 103.0.5060.53 (a1711811edd7..., userDataDir: C:\Users\stepa\AppData\Loca...}, goog:chromeOptions: {debuggerAddress: localhost:63350}, javascriptEnabled: true, networkConnectionEnabled: false, pageLoadStrategy: normal, platform: WINDOWS, platformName: WINDOWS, proxy: Proxy(), se:cdp: ws://localhost:63350/devtoo..., se:cdpVersion: 103.0.5060.66, setWindowRect: true, strictFileInteractability: false, timeouts: {implicit: 0, pageLoad: 10000, script: 30000}, unhandledPromptBehavior: dismiss and notify, webauthn:extension:credBlob: true, webauthn:extension:largeBlob: true, webauthn:virtualAuthenticators: true}&#10;Session ID: b2f10eb235da23882062237008ac2788" type="org.openqa.selenium.TimeoutException">org.openqa.selenium.TimeoutException: 
timeout: Timed out receiving message from renderer: 9.263
  (Session info: chrome=103.0.5060.66)
Build info: version: '4.0.0', revision: '3a21814679'
System info: host: 'LAPTOP-9BAGK8HD', ip: '192.168.77.148', os.name: 'Windows 11', os.arch: 'amd64', os.version: '10.0', java.version: '11.0.15'
Driver info: org.openqa.selenium.chrome.ChromeDriver
Command: [b2f10eb235da23882062237008ac2788, get {url=https://zakka.ru/}]
Capabilities {acceptInsecureCerts: false, browserName: chrome, browserVersion: 103.0.5060.66, chrome: {chromedriverVersion: 103.0.5060.53 (a1711811edd7..., userDataDir: C:\Users\stepa\AppData\Loca...}, goog:chromeOptions: {debuggerAddress: localhost:63350}, javascriptEnabled: true, networkConnectionEnabled: false, pageLoadStrategy: normal, platform: WINDOWS, platformName: WINDOWS, proxy: Proxy(), se:cdp: ws://localhost:63350/devtoo..., se:cdpVersion: 103.0.5060.66, setWindowRect: true, strictFileInteractability: false, timeouts: {implicit: 0, pageLoad: 10000, script: 30000}, unhandledPromptBehavior: dismiss and notify, webauthn:extension:credBlob: true, webauthn:extension:largeBlob: true, webauthn:virtualAuthenticators: true}
Session ID: b2f10eb235da23882062237008ac2788
	at org.example.HW6_pageObject.TestWithLogin.exitLogin(TestWithLogin.java:231)
</error>
    <system-out><![CDATA[19:41:00.586 [main]  INFO  o.e.HW6_pageObject.AbstractTest - Переход на стартовую страницу
19:41:00.587 [main]  INFO  o.e.HW6_pageObject.AbstractTest - Авторизация на сайте магазина
Найден элемент: a "ВОЙТИ"
Клик на элемент: a "ВОЙТИ"
Найден элемент: input ""
Клик на элемент: input "E-mail"
Найден элемент: input ""
Найден элемент: input ""
Клик на элемент: input "Пароль"
Найден элемент: input ""
Найден элемент: input ""
Клик на элемент: input "Войти"
19:41:01.137 [main]  INFO  o.e.HW6_pageObject.AbstractTest - Проверка авторизации
Найден элемент: a "STEPAN KORYAGIN"
19:41:01.942 [main]  INFO  o.e.HW6_pageObject.AbstractTest - Поиск товара.
Найден элемент: i ""
Найден элемент: input ""
19:41:04.237 [main]  INFO  o.e.HW6_pageObject.AbstractTest - Добавление довара в Корзину.
Найден элемент: div "Ручка шариковая Glance | green
120 р."
Клик на элемент: div ""
Найден элемент: i ""
Клик на элемент: i ""
Найден элемент: a ""
Клик на элемент: a "ОФОРМИТЬ ЗАКАЗ"
Найден элемент: div ""
Клик на элемент: div ""
https://connect.facebook.net/en_US/fbevents.js 23:36349 "[Meta Pixel] - An invalid email address was specified for 'em'. This data will not be sent with any events for this Pixel."
https://www.facebook.com/tr/?id=143845725981117&ev=PageView&dl=https%3A%2F%2Fzakka.ru%2F&rl=&if=false&ts=1656780060311&sw=1536&sh=864&v=2.9.64&r=stable&ec=0&o=62&fbp=fb.1.1656780045174.1693477205&it=1656780060271&coo=false&exp=p1&rqm=GET - Failed to load resource: net::ERR_CONNECTION_RESET
https://www.facebook.com/tr/?id=143845725981117&ev=PageView&dl=https%3A%2F%2Fzakka.ru%2F%23login-popap&rl=&if=false&ts=1656780060974&sw=1536&sh=864&v=2.9.64&r=stable&ec=1&o=318&fbp=fb.1.1656780045174.1693477205&it=1656780060271&coo=false&exp=p1&rqm=GET - Failed to load resource: net::ERR_CONNECTION_RESET
https://connect.facebook.net/en_US/fbevents.js 23:36349 "[Meta Pixel] - An invalid email address was specified for 'em'. This data will not be sent with any events for this Pixel."
https://www.facebook.com/tr/?id=143845725981117&ev=PageView&dl=https%3A%2F%2Fzakka.ru%2F%23login-popap&rl=https%3A%2F%2Fzakka.ru%2F&if=false&ts=1656780061633&sw=1536&sh=864&v=2.9.64&r=stable&ec=0&o=318&fbp=fb.1.1656780045174.1693477205&it=1656780061573&coo=false&rqm=GET - Failed to load resource: net::ERR_CONNECTION_RESET
https://www.facebook.com/tr/?id=143845725981117&ev=Microdata&dl=https%3A%2F%2Fzakka.ru%2F%23login-popap&rl=https%3A%2F%2Fzakka.ru%2F&if=false&ts=1656780063137&cd[DataLayer]=%5B%5D&cd[Meta]=%7B%22title%22%3A%22Zakka.ru%20-%20%D0%BA%D0%B0%D0%BD%D1%86%D1%82%D0%BE%D0%B2%D0%B0%D1%80%D1%8B%2C%20%D0%BF%D0%BE%D0%B4%D0%B0%D1%80%D0%BA%D0%B8%2C%20%D0%B0%D0%BA%D1%81%D0%B5%D1%81%D1%81%D1%83%D0%B0%D1%80%D1%8B.%20%D0%9F%D1%80%D0%B8%D0%BA%D0%BE%D0%BB%D1%8C%D0%BD%D0%B0%D1%8F%20%D0%BA%D0%B0%D0%BD%D1%86%D0%B5%D0%BB%D1%8F%D1%80%D0%B8%D1%8F%2C%20%D0%BD%D0%B5%D0%BE%D0%B1%D1%8B%D1%87%D0%BD%D1%8B%D0%B5%20%D0%BF%D0%BE%D0%B4%D0%B0%D1%80%D0%BA%D0%B8%2C%20%D1%82%D0%BE%D0%B2%D0%B0%D1%80%D1%8B%20%D0%B4%D0%BB%D1%8F%20%D0%B4%D0%BE%D0%BC%D0%B0%2C%20%D0%B0%D0%BA%D1%81%D0%B5%D1%81%D1%81%D1%83%D0%B0%D1%80%D1%8B%22%2C%22meta%3Adescription%22%3A%22%D0%A3%D1%8E%D1%82%D0%BD%D1%8B%D0%B5%20%D1%82%D0%BE%D0%B2%D0%B0%D1%80%D1%8B%20%D0%B4%D0%BB%D1%8F%20%D0%B4%D0%BE%D0%BC%D0%B0%2C%20%D0%BD%D0%B5%D0%BE%D0%B1%D1%8B%D1%87%D0%BD%D1%8B%D0%B5%20%D0%B0%D0%BA%D1%81%D0%B5%D1%81%D1%81%D1%83%D0%B0%D1%80%D1%8B%2C%20%D1%81%D1%82%D0%B8%D0%BB%D1%8C%D0%BD%D0%B0%D1%8F%20%D0%BA%D0%B0%D0%BD%D1%86%D0%B5%D0%BB%D1%8F%D1%80%D0%B8%D1%8F.%20%D0%94%D0%B0%D1%80%D0%B8%D1%82%D0%B5%20%D0%B1%D0%BE%D0%BB%D1%8C%D1%88%D0%B5%20%D0%BC%D0%B0%D0%BB%D0%B5%D0%BD%D1%8C%D0%BA%D0%B8%D1%85%20%D1%80%D0%B0%D0%B4%D0%BE%D1%81%D1%82%D0%B5%D0%B9%20%D1%81%D0%B5%D0%B1%D0%B5%20%D0%B8%20%D0%B1%D0%BB%D0%B8%D0%B7%D0%BA%D0%B8%D0%BC.%2040%20%D0%BC%D0%B0%D0%B3%D0%B0%D0%B7%D0%B8%D0%BD%D0%BE%D0%B2%2B%D0%BE%D0%BD-%D0%BB%D0%B0%D0%B9%D0%BD%20%D0%B7%D0%B0%D0%BA%D0%B0%D0%B7%20%D1%81%20%D0%B4%D0%BE%D1%81%D1%82%D0%B0%D0%B2%D0%BA%D0%BE%D0%B9%20%D0%BF%D0%BE%20%D0%A0%D0%BE%D1%81%D1%81%D0%B8%D0%B8%22%7D&cd[OpenGraph]=%7B%7D&cd[Schema.org]=%5B%5D&cd[JSON-LD]=%5B%5D&sw=1536&sh=864&v=2.9.64&r=stable&ec=1&o=318&fbp=fb.1.1656780045174.1693477205&it=1656780061573&coo=false&es=automatic&tm=3&rqm=GET - Failed to load resource: net::ERR_CONNECTION_RESET
https://connect.facebook.net/en_US/fbevents.js 23:36349 "[Meta Pixel] - An invalid email address was specified for 'em'. This data will not be sent with any events for this Pixel."
https://www.facebook.com/tr/?id=143845725981117&ev=PageView&dl=https%3A%2F%2Fzakka.ru%2Fsearch%2Findex.php%3Fq%3D%25D0%25A0%25D1%2583%25D1%2587%25D0%25BA%25D0%25B0%2B%25D1%2588%25D0%25B0%25D1%2580%25D0%25B8%25D0%25BA%25D0%25BE%25D0%25B2%25D0%25B0%25D1%258F%2BGlance%26s%3D&rl=https%3A%2F%2Fzakka.ru%2F&if=false&ts=1656780064058&sw=1536&sh=864&v=2.9.64&r=stable&ec=0&o=62&fbp=fb.1.1656780045174.1693477205&it=1656780064030&coo=false&rqm=GET - Failed to load resource: net::ERR_CONNECTION_RESET
https://connect.facebook.net/en_US/fbevents.js 23:36349 "[Meta Pixel] - An invalid email address was specified for 'em'. This data will not be sent with any events for this Pixel."
https://www.facebook.com/tr/?id=143845725981117&ev=PageView&dl=https%3A%2F%2Fzakka.ru%2Fcatalog%2Fruchki_i_karandashi%2Fruchka_sharikovaya_glance_green%2F&rl=https%3A%2F%2Fzakka.ru%2Fsearch%2Findex.php%3Fq%3D%25D0%25A0%25D1%2583%25D1%2587%25D0%25BA%25D0%25B0%2B%25D1%2588%25D0%25B0%25D1%2580%25D0%25B8%25D0%25BA%25D0%25BE%25D0%25B2%25D0%25B0%25D1%258F%2BGlance%26s%3D&if=false&ts=1656780064804&sw=1536&sh=864&v=2.9.64&r=stable&ec=0&o=62&fbp=fb.1.1656780045174.1693477205&it=1656780064744&coo=false&rqm=GET - Failed to load resource: net::ERR_CONNECTION_RESET
https://www.facebook.com/tr/?id=143845725981117&ev=ViewContent&dl=https%3A%2F%2Fzakka.ru%2Fcatalog%2Fruchki_i_karandashi%2Fruchka_sharikovaya_glance_green%2F&rl=https%3A%2F%2Fzakka.ru%2Fsearch%2Findex.php%3Fq%3D%25D0%25A0%25D1%2583%25D1%2587%25D0%25BA%25D0%25B0%2B%25D1%2588%25D0%25B0%25D1%2580%25D0%25B8%25D0%25BA%25D0%25BE%25D0%25B2%25D0%25B0%25D1%258F%2BGlance%26s%3D&if=false&ts=1656780064805&cd[content_name]=%D0%A0%D1%83%D1%87%D0%BA%D0%B0%20%D1%88%D0%B0%D1%80%D0%B8%D0%BA%D0%BE%D0%B2%D0%B0%D1%8F%20Glance%20%7C%20green&cd[content_category]=&cd[content_ids]=%5B%2253808%22%5D&cd[content_type]=product&cd[value]=120&cd[currency]=RUB&sw=1536&sh=864&v=2.9.64&r=stable&ec=1&o=62&fbp=fb.1.1656780045174.1693477205&it=1656780064744&coo=false&rqm=GET - Failed to load resource: net::ERR_CONNECTION_RESET
https://www.facebook.com/tr/?id=143845725981117&ev=SubscribedButtonClick&dl=https%3A%2F%2Fzakka.ru%2Fcatalog%2Fruchki_i_karandashi%2Fruchka_sharikovaya_glance_green%2F&rl=https%3A%2F%2Fzakka.ru%2Fsearch%2Findex.php%3Fq%3D%25D0%25A0%25D1%2583%25D1%2587%25D0%25BA%25D0%25B0%2B%25D1%2588%25D0%25B0%25D1%2580%25D0%25B8%25D0%25BA%25D0%25BE%25D0%25B2%25D0%25B0%25D1%258F%2BGlance%26s%3D&if=false&ts=1656780065390&cd[buttonFeatures]=%7B%22classList%22%3A%22default-btn%20cl%22%2C%22destination%22%3A%22https%3A%2F%2Fzakka.ru%2Fpersonal%2Fcart%2F%22%2C%22id%22%3A%22%22%2C%22imageUrl%22%3A%22%22%2C%22innerText%22%3A%22%D0%9E%D0%A4%D0%9E%D0%A0%D0%9C%D0%98%D0%A2%D0%AC%20%D0%97%D0%90%D0%9A%D0%90%D0%97%22%2C%22numChildButtons%22%3A0%2C%22tag%22%3A%22a%22%2C%22name%22%3A%22%22%7D&cd[buttonText]=%D0%9E%D0%A4%D0%9E%D0%A0%D0%9C%D0%98%D0%A2%D0%AC%20%D0%97%D0%90%D0%9A%D0%90%D0%97&cd[formFeatures]=%5B%5D&cd[pageFeatures]=%7B%22title%22%3A%22%D0%A0%D1%83%D1%87%D0%BA%D0%B0%20%D1%88%D0%B0%D1%80%D0%B8%D0%BA%D0%BE%D0%B2%D0%B0%D1%8F%20Glance%20%7C%20green%20-%20%D0%98%D0%BD%D1%82%D0%B5%D1%80%D0%BD%D0%B5%D1%82%20%D0%BC%D0%B0%D0%B3%D0%B0%D0%B7%D0%B8%D0%BD%20Zakka.ru%22%7D&cd[parameters]=%5B%5D&sw=1536&sh=864&v=2.9.64&r=stable&ec=2&o=318&fbp=fb.1.1656780045174.1693477205&it=1656780064744&coo=false&es=automatic&tm=3&rqm=GET - Failed to load resource: net::ERR_CONNECTION_RESET
https://www.facebook.com/tr/?id=143845725981117&ev=Microdata&dl=https%3A%2F%2Fzakka.ru%2Fcatalog%2Fruchki_i_karandashi%2Fruchka_sharikovaya_glance_green%2F&rl=https%3A%2F%2Fzakka.ru%2Fsearch%2Findex.php%3Fq%3D%25D0%25A0%25D1%2583%25D1%2587%25D0%25BA%25D0%25B0%2B%25D1%2588%25D0%25B0%25D1%2580%25D0%25B8%25D0%25BA%25D0%25BE%25D0%25B2%25D0%25B0%25D1%258F%2BGlance%26s%3D&if=false&ts=1656780066325&cd[DataLayer]=%5B%5D&cd[Meta]=%7B%22title%22%3A%22%D0%A0%D1%83%D1%87%D0%BA%D0%B0%20%D1%88%D0%B0%D1%80%D0%B8%D0%BA%D0%BE%D0%B2%D0%B0%D1%8F%20Glance%20%7C%20green%20-%20%D0%98%D0%BD%D1%82%D0%B5%D1%80%D0%BD%D0%B5%D1%82%20%D0%BC%D0%B0%D0%B3%D0%B0%D0%B7%D0%B8%D0%BD%20Zakka.ru%22%2C%22meta%3Adescription%22%3A%22%D0%A0%D1%83%D1%87%D0%BA%D0%B0%20%D1%88%D0%B0%D1%80%D0%B8%D0%BA%D0%BE%D0%B2%D0%B0%D1%8F%20Glance%20%7C%20green%20%D1%81%20%D0%B4%D0%BE%D1%81%D1%82%D0%B0%D0%B2%D0%BA%D0%BE%D0%B9%20%D0%BF%D0%BE%20%D0%B2%D1%81%D0%B5%D0%B9%20%D0%A0%D0%BE%D1%81%D1%81%D0%B8%D0%B8%20%D0%BE%D1%82%20%D0%B8%D0%BD%D1%82%D0%B5%D1%80%D0%BD%D0%B5%D1%82%20%D0%BC%D0%B0%D0%B3%D0%B0%D0%B7%D0%B8%D0%BD%D0%B0%20Zakka.ru%20%2B7%20(499)%20951-95-02%22%7D&cd[OpenGraph]=%7B%7D&cd[Schema.org]=%5B%5D&cd[JSON-LD]=%5B%5D&sw=1536&sh=864&v=2.9.64&r=stable&ec=3&o=318&fbp=fb.1.1656780045174.1693477205&it=1656780064744&coo=false&es=automatic&tm=3&rqm=GET - Failed to load resource: net::ERR_CONNECTION_RESET
https://connect.facebook.net/en_US/fbevents.js 23:36349 "[Meta Pixel] - An invalid email address was specified for 'em'. This data will not be sent with any events for this Pixel."
https://www.facebook.com/tr/?id=143845725981117&ev=PageView&dl=https%3A%2F%2Fzakka.ru%2Fpersonal%2Fcart%2F%23order_form&rl=https%3A%2F%2Fzakka.ru%2Fcatalog%2Fruchki_i_karandashi%2Fruchka_sharikovaya_glance_green%2F&if=false&ts=1656780067608&sw=1536&sh=864&v=2.9.64&r=stable&ec=0&o=62&fbp=fb.1.1656780045174.1693477205&it=1656780067523&coo=false&exp=p1&rqm=GET - Failed to load resource: net::ERR_CONNECTION_RESET
https://www.facebook.com/tr/?id=143845725981117&ev=InitiateCheckout&dl=https%3A%2F%2Fzakka.ru%2Fpersonal%2Fcart%2F%23order_form&rl=https%3A%2F%2Fzakka.ru%2Fcatalog%2Fruchki_i_karandashi%2Fruchka_sharikovaya_glance_green%2F&if=false&ts=1656780067610&sw=1536&sh=864&v=2.9.64&r=stable&ec=1&o=62&fbp=fb.1.1656780045174.1693477205&it=1656780067523&coo=false&exp=p1&rqm=GET - Failed to load resource: net::ERR_CONNECTION_RESET
https://www.facebook.com/tr/?id=143845725981117&ev=Microdata&dl=https%3A%2F%2Fzakka.ru%2Fpersonal%2Fcart%2F%23order_form&rl=https%3A%2F%2Fzakka.ru%2Fcatalog%2Fruchki_i_karandashi%2Fruchka_sharikovaya_glance_green%2F&if=false&ts=1656780069112&cd[DataLayer]=%5B%5D&cd[Meta]=%7B%22title%22%3A%22%D0%9E%D1%84%D0%BE%D1%80%D0%BC%D0%BB%D0%B5%D0%BD%D0%B8%D0%B5%20%D0%B7%D0%B0%D0%BA%D0%B0%D0%B7%D0%B0%22%7D&cd[OpenGraph]=%7B%7D&cd[Schema.org]=%5B%5D&cd[JSON-LD]=%5B%5D&sw=1536&sh=864&v=2.9.64&r=stable&ec=2&o=62&fbp=fb.1.1656780045174.1693477205&it=1656780067523&coo=false&es=automatic&tm=3&exp=p1&rqm=GET - Failed to load resource: net::ERR_CONNECTION_RESET
19:41:12.105 [main]  INFO  o.e.HW6_pageObject.AbstractTest - Проверка наличие товара в Корзине
Найден элемент: a "Ручка шариковая Glance | green"
19:41:12.146 [main]  INFO  o.e.HW6_pageObject.AbstractTest - Выход из авторизованного аккаунта.
https://connect.facebook.net/en_US/fbevents.js 23:36349 "[Meta Pixel] - An invalid email address was specified for 'em'. This data will not be sent with any events for this Pixel."
https://www.facebook.com/tr/?id=143845725981117&ev=PageView&dl=https%3A%2F%2Fzakka.ru%2F&rl=&if=false&ts=1656780072981&sw=1536&sh=864&v=2.9.64&r=stable&ec=0&o=62&fbp=fb.1.1656780045174.1693477205&it=1656780072964&coo=false&rqm=GET - Failed to load resource: net::ERR_CONNECTION_RESET
https://www.facebook.com/tr/?id=143845725981117&ev=Microdata&dl=https%3A%2F%2Fzakka.ru%2F&rl=&if=false&ts=1656780074495&cd[DataLayer]=%5B%5D&cd[Meta]=%7B%22title%22%3A%22Zakka.ru%20-%20%D0%BA%D0%B0%D0%BD%D1%86%D1%82%D0%BE%D0%B2%D0%B0%D1%80%D1%8B%2C%20%D0%BF%D0%BE%D0%B4%D0%B0%D1%80%D0%BA%D0%B8%2C%20%D0%B0%D0%BA%D1%81%D0%B5%D1%81%D1%81%D1%83%D0%B0%D1%80%D1%8B.%20%D0%9F%D1%80%D0%B8%D0%BA%D0%BE%D0%BB%D1%8C%D0%BD%D0%B0%D1%8F%20%D0%BA%D0%B0%D0%BD%D1%86%D0%B5%D0%BB%D1%8F%D1%80%D0%B8%D1%8F%2C%20%D0%BD%D0%B5%D0%BE%D0%B1%D1%8B%D1%87%D0%BD%D1%8B%D0%B5%20%D0%BF%D0%BE%D0%B4%D0%B0%D1%80%D0%BA%D0%B8%2C%20%D1%82%D0%BE%D0%B2%D0%B0%D1%80%D1%8B%20%D0%B4%D0%BB%D1%8F%20%D0%B4%D0%BE%D0%BC%D0%B0%2C%20%D0%B0%D0%BA%D1%81%D0%B5%D1%81%D1%81%D1%83%D0%B0%D1%80%D1%8B%22%2C%22meta%3Adescription%22%3A%22%D0%A3%D1%8E%D1%82%D0%BD%D1%8B%D0%B5%20%D1%82%D0%BE%D0%B2%D0%B0%D1%80%D1%8B%20%D0%B4%D0%BB%D1%8F%20%D0%B4%D0%BE%D0%BC%D0%B0%2C%20%D0%BD%D0%B5%D0%BE%D0%B1%D1%8B%D1%87%D0%BD%D1%8B%D0%B5%20%D0%B0%D0%BA%D1%81%D0%B5%D1%81%D1%81%D1%83%D0%B0%D1%80%D1%8B%2C%20%D1%81%D1%82%D0%B8%D0%BB%D1%8C%D0%BD%D0%B0%D1%8F%20%D0%BA%D0%B0%D0%BD%D1%86%D0%B5%D0%BB%D1%8F%D1%80%D0%B8%D1%8F.%20%D0%94%D0%B0%D1%80%D0%B8%D1%82%D0%B5%20%D0%B1%D0%BE%D0%BB%D1%8C%D1%88%D0%B5%20%D0%BC%D0%B0%D0%BB%D0%B5%D0%BD%D1%8C%D0%BA%D0%B8%D1%85%20%D1%80%D0%B0%D0%B4%D0%BE%D1%81%D1%82%D0%B5%D0%B9%20%D1%81%D0%B5%D0%B1%D0%B5%20%D0%B8%20%D0%B1%D0%BB%D0%B8%D0%B7%D0%BA%D0%B8%D0%BC.%2040%20%D0%BC%D0%B0%D0%B3%D0%B0%D0%B7%D0%B8%D0%BD%D0%BE%D0%B2%2B%D0%BE%D0%BD-%D0%BB%D0%B0%D0%B9%D0%BD%20%D0%B7%D0%B0%D0%BA%D0%B0%D0%B7%20%D1%81%20%D0%B4%D0%BE%D1%81%D1%82%D0%B0%D0%B2%D0%BA%D0%BE%D0%B9%20%D0%BF%D0%BE%20%D0%A0%D0%BE%D1%81%D1%81%D0%B8%D0%B8%22%7D&cd[OpenGraph]=%7B%7D&cd[Schema.org]=%5B%5D&cd[JSON-LD]=%5B%5D&sw=1536&sh=864&v=2.9.64&r=stable&ec=1&o=62&fbp=fb.1.1656780045174.1693477205&it=1656780072964&coo=false&es=automatic&tm=3&rqm=GET - Failed to load resource: net::ERR_CONNECTION_RESET
]]></system-out>
    <system-err><![CDATA[[1656780082.149][SEVERE]: Timed out receiving message from renderer: 9.263
[1656780082.150][SEVERE]: Timed out receiving message from renderer: 9.263
]]></system-err>
  </testcase>
  <testcase name="DeleteItemFromCart" classname="org.example.HW6_pageObject.TestWithLogin" time="30.062">
    <failure message="Стартовая страница не доступна!!! ==&gt; Unexpected exception thrown: org.openqa.selenium.TimeoutException: timeout: Timed out receiving message from renderer: -0.011&#10;  (Session info: chrome=103.0.5060.66)&#10;Build info: version: &apos;4.0.0&apos;, revision: &apos;3a21814679&apos;&#10;System info: host: &apos;LAPTOP-9BAGK8HD&apos;, ip: &apos;192.168.77.148&apos;, os.name: &apos;Windows 11&apos;, os.arch: &apos;amd64&apos;, os.version: &apos;10.0&apos;, java.version: &apos;11.0.15&apos;&#10;Driver info: org.openqa.selenium.chrome.ChromeDriver&#10;Command: [b2f10eb235da23882062237008ac2788, get {url=https://zakka.ru/}]&#10;Capabilities {acceptInsecureCerts: false, browserName: chrome, browserVersion: 103.0.5060.66, chrome: {chromedriverVersion: 103.0.5060.53 (a1711811edd7..., userDataDir: C:\Users\stepa\AppData\Loca...}, goog:chromeOptions: {debuggerAddress: localhost:63350}, javascriptEnabled: true, networkConnectionEnabled: false, pageLoadStrategy: normal, platform: WINDOWS, platformName: WINDOWS, proxy: Proxy(), se:cdp: ws://localhost:63350/devtoo..., se:cdpVersion: 103.0.5060.66, setWindowRect: true, strictFileInteractability: false, timeouts: {implicit: 0, pageLoad: 10000, script: 30000}, unhandledPromptBehavior: dismiss and notify, webauthn:extension:credBlob: true, webauthn:extension:largeBlob: true, webauthn:virtualAuthenticators: true}&#10;Session ID: b2f10eb235da23882062237008ac2788" type="org.opentest4j.AssertionFailedError">org.opentest4j.AssertionFailedError: 
Стартовая страница не доступна!!! ==> Unexpected exception thrown: org.openqa.selenium.TimeoutException: timeout: Timed out receiving message from renderer: -0.011
  (Session info: chrome=103.0.5060.66)
Build info: version: '4.0.0', revision: '3a21814679'
System info: host: 'LAPTOP-9BAGK8HD', ip: '192.168.77.148', os.name: 'Windows 11', os.arch: 'amd64', os.version: '10.0', java.version: '11.0.15'
Driver info: org.openqa.selenium.chrome.ChromeDriver
Command: [b2f10eb235da23882062237008ac2788, get {url=https://zakka.ru/}]
Capabilities {acceptInsecureCerts: false, browserName: chrome, browserVersion: 103.0.5060.66, chrome: {chromedriverVersion: 103.0.5060.53 (a1711811edd7..., userDataDir: C:\Users\stepa\AppData\Loca...}, goog:chromeOptions: {debuggerAddress: localhost:63350}, javascriptEnabled: true, networkConnectionEnabled: false, pageLoadStrategy: normal, platform: WINDOWS, platformName: WINDOWS, proxy: Proxy(), se:cdp: ws://localhost:63350/devtoo..., se:cdpVersion: 103.0.5060.66, setWindowRect: true, strictFileInteractability: false, timeouts: {implicit: 0, pageLoad: 10000, script: 30000}, unhandledPromptBehavior: dismiss and notify, webauthn:extension:credBlob: true, webauthn:extension:largeBlob: true, webauthn:virtualAuthenticators: true}
Session ID: b2f10eb235da23882062237008ac2788
Caused by: org.openqa.selenium.TimeoutException: 
timeout: Timed out receiving message from renderer: -0.011
  (Session info: chrome=103.0.5060.66)
Build info: version: '4.0.0', revision: '3a21814679'
System info: host: 'LAPTOP-9BAGK8HD', ip: '192.168.77.148', os.name: 'Windows 11', os.arch: 'amd64', os.version: '10.0', java.version: '11.0.15'
Driver info: org.openqa.selenium.chrome.ChromeDriver
Command: [b2f10eb235da23882062237008ac2788, get {url=https://zakka.ru/}]
Capabilities {acceptInsecureCerts: false, browserName: chrome, browserVersion: 103.0.5060.66, chrome: {chromedriverVersion: 103.0.5060.53 (a1711811edd7..., userDataDir: C:\Users\stepa\AppData\Loca...}, goog:chromeOptions: {debuggerAddress: localhost:63350}, javascriptEnabled: true, networkConnectionEnabled: false, pageLoadStrategy: normal, platform: WINDOWS, platformName: WINDOWS, proxy: Proxy(), se:cdp: ws://localhost:63350/devtoo..., se:cdpVersion: 103.0.5060.66, setWindowRect: true, strictFileInteractability: false, timeouts: {implicit: 0, pageLoad: 10000, script: 30000}, unhandledPromptBehavior: dismiss and notify, webauthn:extension:credBlob: true, webauthn:extension:largeBlob: true, webauthn:virtualAuthenticators: true}
Session ID: b2f10eb235da23882062237008ac2788
</failure>
    <system-out><![CDATA[19:41:32.546 [main]  ERROR o.e.H.MyWebDriverEventListener - onException: Скриншот сохранен в папку target/failure-1656780092202.png
Вызвано исключение: timeout: Timed out receiving message from renderer: -0.011
  (Session info: chrome=103.0.5060.66)
Build info: version: '4.0.0', revision: '3a21814679'
System info: host: 'LAPTOP-9BAGK8HD', ip: '192.168.77.148', os.name: 'Windows 11', os.arch: 'amd64', os.version: '10.0', java.version: '11.0.15'
Driver info: org.openqa.selenium.chrome.ChromeDriver
Command: [b2f10eb235da23882062237008ac2788, get {url=https://zakka.ru/}]
Capabilities {acceptInsecureCerts: false, browserName: chrome, browserVersion: 103.0.5060.66, chrome: {chromedriverVersion: 103.0.5060.53 (a1711811edd7..., userDataDir: C:\Users\stepa\AppData\Loca...}, goog:chromeOptions: {debuggerAddress: localhost:63350}, javascriptEnabled: true, networkConnectionEnabled: false, pageLoadStrategy: normal, platform: WINDOWS, platformName: WINDOWS, proxy: Proxy(), se:cdp: ws://localhost:63350/devtoo..., se:cdpVersion: 103.0.5060.66, setWindowRect: true, strictFileInteractability: false, timeouts: {implicit: 0, pageLoad: 10000, script: 30000}, unhandledPromptBehavior: dismiss and notify, webauthn:extension:credBlob: true, webauthn:extension:largeBlob: true, webauthn:virtualAuthenticators: true}
Session ID: b2f10eb235da23882062237008ac2788
19:41:32.557 [main]  INFO  o.e.HW6_pageObject.AbstractTest - Выход из авторизованного аккаунта.
Найден элемент: i ""
19:41:52.201 [main]  INFO  o.e.HW6_pageObject.AbstractTest - Проверка на Выход из авторизации
Найден элемент: span "ВОЙТИ"
https://connect.facebook.net/en_US/fbevents.js 23:36349 "[Meta Pixel] - An invalid email address was specified for 'em'. This data will not be sent with any events for this Pixel."
https://www.facebook.com/tr/?id=143845725981117&ev=PageView&dl=https%3A%2F%2Fzakka.ru%2F&rl=&if=false&ts=1656780101791&sw=1536&sh=864&v=2.9.64&r=stable&ec=0&o=62&fbp=fb.1.1656780045174.1693477205&it=1656780101693&coo=false&exp=p1&rqm=GET - Failed to load resource: net::ERR_CONNECTION_RESET
https://www.facebook.com/tr/?id=143845725981117&ev=Microdata&dl=https%3A%2F%2Fzakka.ru%2F&rl=&if=false&ts=1656780103296&cd[DataLayer]=%5B%5D&cd[Meta]=%7B%22title%22%3A%22Zakka.ru%20-%20%D0%BA%D0%B0%D0%BD%D1%86%D1%82%D0%BE%D0%B2%D0%B0%D1%80%D1%8B%2C%20%D0%BF%D0%BE%D0%B4%D0%B0%D1%80%D0%BA%D0%B8%2C%20%D0%B0%D0%BA%D1%81%D0%B5%D1%81%D1%81%D1%83%D0%B0%D1%80%D1%8B.%20%D0%9F%D1%80%D0%B8%D0%BA%D0%BE%D0%BB%D1%8C%D0%BD%D0%B0%D1%8F%20%D0%BA%D0%B0%D0%BD%D1%86%D0%B5%D0%BB%D1%8F%D1%80%D0%B8%D1%8F%2C%20%D0%BD%D0%B5%D0%BE%D0%B1%D1%8B%D1%87%D0%BD%D1%8B%D0%B5%20%D0%BF%D0%BE%D0%B4%D0%B0%D1%80%D0%BA%D0%B8%2C%20%D1%82%D0%BE%D0%B2%D0%B0%D1%80%D1%8B%20%D0%B4%D0%BB%D1%8F%20%D0%B4%D0%BE%D0%BC%D0%B0%2C%20%D0%B0%D0%BA%D1%81%D0%B5%D1%81%D1%81%D1%83%D0%B0%D1%80%D1%8B%22%2C%22meta%3Adescription%22%3A%22%D0%A3%D1%8E%D1%82%D0%BD%D1%8B%D0%B5%20%D1%82%D0%BE%D0%B2%D0%B0%D1%80%D1%8B%20%D0%B4%D0%BB%D1%8F%20%D0%B4%D0%BE%D0%BC%D0%B0%2C%20%D0%BD%D0%B5%D0%BE%D0%B1%D1%8B%D1%87%D0%BD%D1%8B%D0%B5%20%D0%B0%D0%BA%D1%81%D0%B5%D1%81%D1%81%D1%83%D0%B0%D1%80%D1%8B%2C%20%D1%81%D1%82%D0%B8%D0%BB%D1%8C%D0%BD%D0%B0%D1%8F%20%D0%BA%D0%B0%D0%BD%D1%86%D0%B5%D0%BB%D1%8F%D1%80%D0%B8%D1%8F.%20%D0%94%D0%B0%D1%80%D0%B8%D1%82%D0%B5%20%D0%B1%D0%BE%D0%BB%D1%8C%D1%88%D0%B5%20%D0%BC%D0%B0%D0%BB%D0%B5%D0%BD%D1%8C%D0%BA%D0%B8%D1%85%20%D1%80%D0%B0%D0%B4%D0%BE%D1%81%D1%82%D0%B5%D0%B9%20%D1%81%D0%B5%D0%B1%D0%B5%20%D0%B8%20%D0%B1%D0%BB%D0%B8%D0%B7%D0%BA%D0%B8%D0%BC.%2040%20%D0%BC%D0%B0%D0%B3%D0%B0%D0%B7%D0%B8%D0%BD%D0%BE%D0%B2%2B%D0%BE%D0%BD-%D0%BB%D0%B0%D0%B9%D0%BD%20%D0%B7%D0%B0%D0%BA%D0%B0%D0%B7%20%D1%81%20%D0%B4%D0%BE%D1%81%D1%82%D0%B0%D0%B2%D0%BA%D0%BE%D0%B9%20%D0%BF%D0%BE%20%D0%A0%D0%BE%D1%81%D1%81%D0%B8%D0%B8%22%7D&cd[OpenGraph]=%7B%7D&cd[Schema.org]=%5B%5D&cd[JSON-LD]=%5B%5D&sw=1536&sh=864&v=2.9.64&r=stable&ec=1&o=318&fbp=fb.1.1656780045174.1693477205&it=1656780101693&coo=false&es=automatic&tm=3&exp=p1&rqm=GET - Failed to load resource: net::ERR_CONNECTION_RESET
https://connect.facebook.net/en_US/fbevents.js 23:36349 "[Meta Pixel] - An invalid email address was specified for 'em'. This data will not be sent with any events for this Pixel."
https://www.facebook.com/tr/?id=143845725981117&ev=PageView&dl=https%3A%2F%2Fzakka.ru%2F&rl=https%3A%2F%2Fzakka.ru%2F&if=false&ts=1656780106552&sw=1536&sh=864&v=2.9.64&r=stable&ec=0&o=62&fbp=fb.1.1656780045174.1693477205&it=1656780106512&coo=false&rqm=GET - Failed to load resource: net::ERR_CONNECTION_RESET
https://www.facebook.com/tr/?id=143845725981117&ev=Microdata&dl=https%3A%2F%2Fzakka.ru%2F&rl=https%3A%2F%2Fzakka.ru%2F&if=false&ts=1656780108057&cd[DataLayer]=%5B%5D&cd[Meta]=%7B%22title%22%3A%22Zakka.ru%20-%20%D0%BA%D0%B0%D0%BD%D1%86%D1%82%D0%BE%D0%B2%D0%B0%D1%80%D1%8B%2C%20%D0%BF%D0%BE%D0%B4%D0%B0%D1%80%D0%BA%D0%B8%2C%20%D0%B0%D0%BA%D1%81%D0%B5%D1%81%D1%81%D1%83%D0%B0%D1%80%D1%8B.%20%D0%9F%D1%80%D0%B8%D0%BA%D0%BE%D0%BB%D1%8C%D0%BD%D0%B0%D1%8F%20%D0%BA%D0%B0%D0%BD%D1%86%D0%B5%D0%BB%D1%8F%D1%80%D0%B8%D1%8F%2C%20%D0%BD%D0%B5%D0%BE%D0%B1%D1%8B%D1%87%D0%BD%D1%8B%D0%B5%20%D0%BF%D0%BE%D0%B4%D0%B0%D1%80%D0%BA%D0%B8%2C%20%D1%82%D0%BE%D0%B2%D0%B0%D1%80%D1%8B%20%D0%B4%D0%BB%D1%8F%20%D0%B4%D0%BE%D0%BC%D0%B0%2C%20%D0%B0%D0%BA%D1%81%D0%B5%D1%81%D1%81%D1%83%D0%B0%D1%80%D1%8B%22%2C%22meta%3Adescription%22%3A%22%D0%A3%D1%8E%D1%82%D0%BD%D1%8B%D0%B5%20%D1%82%D0%BE%D0%B2%D0%B0%D1%80%D1%8B%20%D0%B4%D0%BB%D1%8F%20%D0%B4%D0%BE%D0%BC%D0%B0%2C%20%D0%BD%D0%B5%D0%BE%D0%B1%D1%8B%D1%87%D0%BD%D1%8B%D0%B5%20%D0%B0%D0%BA%D1%81%D0%B5%D1%81%D1%81%D1%83%D0%B0%D1%80%D1%8B%2C%20%D1%81%D1%82%D0%B8%D0%BB%D1%8C%D0%BD%D0%B0%D1%8F%20%D0%BA%D0%B0%D0%BD%D1%86%D0%B5%D0%BB%D1%8F%D1%80%D0%B8%D1%8F.%20%D0%94%D0%B0%D1%80%D0%B8%D1%82%D0%B5%20%D0%B1%D0%BE%D0%BB%D1%8C%D1%88%D0%B5%20%D0%BC%D0%B0%D0%BB%D0%B5%D0%BD%D1%8C%D0%BA%D0%B8%D1%85%20%D1%80%D0%B0%D0%B4%D0%BE%D1%81%D1%82%D0%B5%D0%B9%20%D1%81%D0%B5%D0%B1%D0%B5%20%D0%B8%20%D0%B1%D0%BB%D0%B8%D0%B7%D0%BA%D0%B8%D0%BC.%2040%20%D0%BC%D0%B0%D0%B3%D0%B0%D0%B7%D0%B8%D0%BD%D0%BE%D0%B2%2B%D0%BE%D0%BD-%D0%BB%D0%B0%D0%B9%D0%BD%20%D0%B7%D0%B0%D0%BA%D0%B0%D0%B7%20%D1%81%20%D0%B4%D0%BE%D1%81%D1%82%D0%B0%D0%B2%D0%BA%D0%BE%D0%B9%20%D0%BF%D0%BE%20%D0%A0%D0%BE%D1%81%D1%81%D0%B8%D0%B8%22%7D&cd[OpenGraph]=%7B%7D&cd[Schema.org]=%5B%5D&cd[JSON-LD]=%5B%5D&sw=1536&sh=864&v=2.9.64&r=stable&ec=1&o=62&fbp=fb.1.1656780045174.1693477205&it=1656780106512&coo=false&es=automatic&tm=3&rqm=GET - Failed to load resource: net::ERR_CONNECTION_RESET
]]></system-out>
    <system-err><![CDATA[[1656780092.188][SEVERE]: Timed out receiving message from renderer: 10.000
[1656780092.189][SEVERE]: Timed out receiving message from renderer: -0.011
[1656780092.191][SEVERE]: Timed out receiving message from renderer: -0.011
]]></system-err>
  </testcase>
  <testcase name="addFavorite" classname="org.example.HW6_pageObject.TestWithLogin" time="17.476"/>
  <testcase name="addFavoriteByCard" classname="org.example.HW6_pageObject.TestWithLogin" time="13.082">
    <error message="unknown error: cannot determine loading status&#10;from unknown error: unexpected command response&#10;  (Session info: chrome=103.0.5060.66)&#10;Build info: version: &apos;4.0.0&apos;, revision: &apos;3a21814679&apos;&#10;System info: host: &apos;LAPTOP-9BAGK8HD&apos;, ip: &apos;192.168.77.148&apos;, os.name: &apos;Windows 11&apos;, os.arch: &apos;amd64&apos;, os.version: &apos;10.0&apos;, java.version: &apos;11.0.15&apos;&#10;Driver info: org.openqa.selenium.chrome.ChromeDriver&#10;Command: [b2f10eb235da23882062237008ac2788, findElement {using=xpath, value=.//a[text()=&apos;Stepan Koryagin&apos;]}]&#10;Capabilities {acceptInsecureCerts: false, browserName: chrome, browserVersion: 103.0.5060.66, chrome: {chromedriverVersion: 103.0.5060.53 (a1711811edd7..., userDataDir: C:\Users\stepa\AppData\Loca...}, goog:chromeOptions: {debuggerAddress: localhost:63350}, javascriptEnabled: true, networkConnectionEnabled: false, pageLoadStrategy: normal, platform: WINDOWS, platformName: WINDOWS, proxy: Proxy(), se:cdp: ws://localhost:63350/devtoo..., se:cdpVersion: 103.0.5060.66, setWindowRect: true, strictFileInteractability: false, timeouts: {implicit: 0, pageLoad: 10000, script: 30000}, unhandledPromptBehavior: dismiss and notify, webauthn:extension:credBlob: true, webauthn:extension:largeBlob: true, webauthn:virtualAuthenticators: true}&#10;Session ID: b2f10eb235da23882062237008ac2788" type="org.openqa.selenium.WebDriverException">org.openqa.selenium.WebDriverException: 
unknown error: cannot determine loading status
from unknown error: unexpected command response
  (Session info: chrome=103.0.5060.66)
Build info: version: '4.0.0', revision: '3a21814679'
System info: host: 'LAPTOP-9BAGK8HD', ip: '192.168.77.148', os.name: 'Windows 11', os.arch: 'amd64', os.version: '10.0', java.version: '11.0.15'
Driver info: org.openqa.selenium.chrome.ChromeDriver
Command: [b2f10eb235da23882062237008ac2788, findElement {using=xpath, value=.//a[text()='Stepan Koryagin']}]
Capabilities {acceptInsecureCerts: false, browserName: chrome, browserVersion: 103.0.5060.66, chrome: {chromedriverVersion: 103.0.5060.53 (a1711811edd7..., userDataDir: C:\Users\stepa\AppData\Loca...}, goog:chromeOptions: {debuggerAddress: localhost:63350}, javascriptEnabled: true, networkConnectionEnabled: false, pageLoadStrategy: normal, platform: WINDOWS, platformName: WINDOWS, proxy: Proxy(), se:cdp: ws://localhost:63350/devtoo..., se:cdpVersion: 103.0.5060.66, setWindowRect: true, strictFileInteractability: false, timeouts: {implicit: 0, pageLoad: 10000, script: 30000}, unhandledPromptBehavior: dismiss and notify, webauthn:extension:credBlob: true, webauthn:extension:largeBlob: true, webauthn:virtualAuthenticators: true}
Session ID: b2f10eb235da23882062237008ac2788
	at org.example.HW6_pageObject.TestWithLogin.login(TestWithLogin.java:34)
</error>
    <system-out><![CDATA[19:42:10.381 [main]  INFO  o.e.HW6_pageObject.AbstractTest - Переход на стартовую страницу
19:42:10.382 [main]  INFO  o.e.HW6_pageObject.AbstractTest - Авторизация на сайте магазина
Найден элемент: a "ВОЙТИ"
Клик на элемент: a "ВОЙТИ"
Найден элемент: input ""
Клик на элемент: input "E-mail"
Найден элемент: input ""
Найден элемент: input ""
Клик на элемент: input "Пароль"
Найден элемент: input ""
Найден элемент: input ""
Клик на элемент: input "Войти"
19:42:10.955 [main]  INFO  o.e.HW6_pageObject.AbstractTest - Проверка авторизации
19:42:12.006 [main]  ERROR o.e.H.MyWebDriverEventListener - onException: Скриншот сохранен в папку target/failure-1656780131098.png
Вызвано исключение: unknown error: cannot determine loading status
from unknown error: unexpected command response
  (Session info: chrome=103.0.5060.66)
Build info: version: '4.0.0', revision: '3a21814679'
System info: host: 'LAPTOP-9BAGK8HD', ip: '192.168.77.148', os.name: 'Windows 11', os.arch: 'amd64', os.version: '10.0', java.version: '11.0.15'
Driver info: org.openqa.selenium.chrome.ChromeDriver
Command: [b2f10eb235da23882062237008ac2788, findElement {using=xpath, value=.//a[text()='Stepan Koryagin']}]
Capabilities {acceptInsecureCerts: false, browserName: chrome, browserVersion: 103.0.5060.66, chrome: {chromedriverVersion: 103.0.5060.53 (a1711811edd7..., userDataDir: C:\Users\stepa\AppData\Loca...}, goog:chromeOptions: {debuggerAddress: localhost:63350}, javascriptEnabled: true, networkConnectionEnabled: false, pageLoadStrategy: normal, platform: WINDOWS, platformName: WINDOWS, proxy: Proxy(), se:cdp: ws://localhost:63350/devtoo..., se:cdpVersion: 103.0.5060.66, setWindowRect: true, strictFileInteractability: false, timeouts: {implicit: 0, pageLoad: 10000, script: 30000}, unhandledPromptBehavior: dismiss and notify, webauthn:extension:credBlob: true, webauthn:extension:largeBlob: true, webauthn:virtualAuthenticators: true}
Session ID: b2f10eb235da23882062237008ac2788
19:42:12.007 [main]  INFO  o.e.HW6_pageObject.AbstractTest - Выход из авторизованного аккаунта.
Найден элемент: i ""
19:42:22.756 [main]  INFO  o.e.HW6_pageObject.AbstractTest - Проверка на Выход из авторизации
Найден элемент: span "ВОЙТИ"
https://connect.facebook.net/en_US/fbevents.js 23:36349 "[Meta Pixel] - An invalid email address was specified for 'em'. This data will not be sent with any events for this Pixel."
https://www.facebook.com/tr/?id=143845725981117&ev=PageView&dl=https%3A%2F%2Fzakka.ru%2F&rl=&if=false&ts=1656780130198&sw=1536&sh=864&v=2.9.64&r=stable&ec=0&o=62&fbp=fb.1.1656780045174.1693477205&it=1656780130180&coo=false&exp=p0&rqm=GET - Failed to load resource: net::ERR_CONNECTION_RESET
https://www.facebook.com/tr/?id=143845725981117&ev=PageView&dl=https%3A%2F%2Fzakka.ru%2F%23login-popap&rl=&if=false&ts=1656780130806&sw=1536&sh=864&v=2.9.64&r=stable&ec=1&o=318&fbp=fb.1.1656780045174.1693477205&it=1656780130180&coo=false&exp=p0&rqm=GET - Failed to load resource: net::ERR_CONNECTION_RESET
https://connect.facebook.net/en_US/fbevents.js 23:36349 "[Meta Pixel] - An invalid email address was specified for 'em'. This data will not be sent with any events for this Pixel."
https://www.facebook.com/tr/?id=143845725981117&ev=PageView&dl=https%3A%2F%2Fzakka.ru%2F%23login-popap&rl=https%3A%2F%2Fzakka.ru%2F&if=false&ts=1656780131478&sw=1536&sh=864&v=2.9.64&r=stable&ec=0&o=318&fbp=fb.1.1656780045174.1693477205&it=1656780131440&coo=false&exp=p1&rqm=GET - Failed to load resource: net::ERR_CONNECTION_RESET
https://connect.facebook.net/en_US/fbevents.js 23:36349 "[Meta Pixel] - An invalid email address was specified for 'em'. This data will not be sent with any events for this Pixel."
https://www.facebook.com/tr/?id=143845725981117&ev=PageView&dl=https%3A%2F%2Fzakka.ru%2F&rl=&if=false&ts=1656780132369&sw=1536&sh=864&v=2.9.64&r=stable&ec=0&o=62&fbp=fb.1.1656780045174.1693477205&it=1656780132331&coo=false&rqm=GET - Failed to load resource: net::ERR_CONNECTION_RESET
https://www.facebook.com/tr/?id=143845725981117&ev=Microdata&dl=https%3A%2F%2Fzakka.ru%2F&rl=&if=false&ts=1656780133872&cd[DataLayer]=%5B%5D&cd[Meta]=%7B%22title%22%3A%22Zakka.ru%20-%20%D0%BA%D0%B0%D0%BD%D1%86%D1%82%D0%BE%D0%B2%D0%B0%D1%80%D1%8B%2C%20%D0%BF%D0%BE%D0%B4%D0%B0%D1%80%D0%BA%D0%B8%2C%20%D0%B0%D0%BA%D1%81%D0%B5%D1%81%D1%81%D1%83%D0%B0%D1%80%D1%8B.%20%D0%9F%D1%80%D0%B8%D0%BA%D0%BE%D0%BB%D1%8C%D0%BD%D0%B0%D1%8F%20%D0%BA%D0%B0%D0%BD%D1%86%D0%B5%D0%BB%D1%8F%D1%80%D0%B8%D1%8F%2C%20%D0%BD%D0%B5%D0%BE%D0%B1%D1%8B%D1%87%D0%BD%D1%8B%D0%B5%20%D0%BF%D0%BE%D0%B4%D0%B0%D1%80%D0%BA%D0%B8%2C%20%D1%82%D0%BE%D0%B2%D0%B0%D1%80%D1%8B%20%D0%B4%D0%BB%D1%8F%20%D0%B4%D0%BE%D0%BC%D0%B0%2C%20%D0%B0%D0%BA%D1%81%D0%B5%D1%81%D1%81%D1%83%D0%B0%D1%80%D1%8B%22%2C%22meta%3Adescription%22%3A%22%D0%A3%D1%8E%D1%82%D0%BD%D1%8B%D0%B5%20%D1%82%D0%BE%D0%B2%D0%B0%D1%80%D1%8B%20%D0%B4%D0%BB%D1%8F%20%D0%B4%D0%BE%D0%BC%D0%B0%2C%20%D0%BD%D0%B5%D0%BE%D0%B1%D1%8B%D1%87%D0%BD%D1%8B%D0%B5%20%D0%B0%D0%BA%D1%81%D0%B5%D1%81%D1%81%D1%83%D0%B0%D1%80%D1%8B%2C%20%D1%81%D1%82%D0%B8%D0%BB%D1%8C%D0%BD%D0%B0%D1%8F%20%D0%BA%D0%B0%D0%BD%D1%86%D0%B5%D0%BB%D1%8F%D1%80%D0%B8%D1%8F.%20%D0%94%D0%B0%D1%80%D0%B8%D1%82%D0%B5%20%D0%B1%D0%BE%D0%BB%D1%8C%D1%88%D0%B5%20%D0%BC%D0%B0%D0%BB%D0%B5%D0%BD%D1%8C%D0%BA%D0%B8%D1%85%20%D1%80%D0%B0%D0%B4%D0%BE%D1%81%D1%82%D0%B5%D0%B9%20%D1%81%D0%B5%D0%B1%D0%B5%20%D0%B8%20%D0%B1%D0%BB%D0%B8%D0%B7%D0%BA%D0%B8%D0%BC.%2040%20%D0%BC%D0%B0%D0%B3%D0%B0%D0%B7%D0%B8%D0%BD%D0%BE%D0%B2%2B%D0%BE%D0%BD-%D0%BB%D0%B0%D0%B9%D0%BD%20%D0%B7%D0%B0%D0%BA%D0%B0%D0%B7%20%D1%81%20%D0%B4%D0%BE%D1%81%D1%82%D0%B0%D0%B2%D0%BA%D0%BE%D0%B9%20%D0%BF%D0%BE%20%D0%A0%D0%BE%D1%81%D1%81%D0%B8%D0%B8%22%7D&cd[OpenGraph]=%7B%7D&cd[Schema.org]=%5B%5D&cd[JSON-LD]=%5B%5D&sw=1536&sh=864&v=2.9.64&r=stable&ec=1&o=318&fbp=fb.1.1656780045174.1693477205&it=1656780132331&coo=false&es=automatic&tm=3&rqm=GET - Failed to load resource: net::ERR_CONNECTION_RESET
https://connect.facebook.net/en_US/fbevents.js 23:36349 "[Meta Pixel] - An invalid email address was specified for 'em'. This data will not be sent with any events for this Pixel."
https://www.facebook.com/tr/?id=143845725981117&ev=PageView&dl=https%3A%2F%2Fzakka.ru%2F&rl=https%3A%2F%2Fzakka.ru%2F&if=false&ts=1656780137081&sw=1536&sh=864&v=2.9.64&r=stable&ec=0&o=62&fbp=fb.1.1656780045174.1693477205&it=1656780137036&coo=false&rqm=GET - Failed to load resource: net::ERR_CONNECTION_RESET
https://www.facebook.com/tr/?id=143845725981117&ev=Microdata&dl=https%3A%2F%2Fzakka.ru%2F&rl=https%3A%2F%2Fzakka.ru%2F&if=false&ts=1656780138585&cd[DataLayer]=%5B%5D&cd[Meta]=%7B%22title%22%3A%22Zakka.ru%20-%20%D0%BA%D0%B0%D0%BD%D1%86%D1%82%D0%BE%D0%B2%D0%B0%D1%80%D1%8B%2C%20%D0%BF%D0%BE%D0%B4%D0%B0%D1%80%D0%BA%D0%B8%2C%20%D0%B0%D0%BA%D1%81%D0%B5%D1%81%D1%81%D1%83%D0%B0%D1%80%D1%8B.%20%D0%9F%D1%80%D0%B8%D0%BA%D0%BE%D0%BB%D1%8C%D0%BD%D0%B0%D1%8F%20%D0%BA%D0%B0%D0%BD%D1%86%D0%B5%D0%BB%D1%8F%D1%80%D0%B8%D1%8F%2C%20%D0%BD%D0%B5%D0%BE%D0%B1%D1%8B%D1%87%D0%BD%D1%8B%D0%B5%20%D0%BF%D0%BE%D0%B4%D0%B0%D1%80%D0%BA%D0%B8%2C%20%D1%82%D0%BE%D0%B2%D0%B0%D1%80%D1%8B%20%D0%B4%D0%BB%D1%8F%20%D0%B4%D0%BE%D0%BC%D0%B0%2C%20%D0%B0%D0%BA%D1%81%D0%B5%D1%81%D1%81%D1%83%D0%B0%D1%80%D1%8B%22%2C%22meta%3Adescription%22%3A%22%D0%A3%D1%8E%D1%82%D0%BD%D1%8B%D0%B5%20%D1%82%D0%BE%D0%B2%D0%B0%D1%80%D1%8B%20%D0%B4%D0%BB%D1%8F%20%D0%B4%D0%BE%D0%BC%D0%B0%2C%20%D0%BD%D0%B5%D0%BE%D0%B1%D1%8B%D1%87%D0%BD%D1%8B%D0%B5%20%D0%B0%D0%BA%D1%81%D0%B5%D1%81%D1%81%D1%83%D0%B0%D1%80%D1%8B%2C%20%D1%81%D1%82%D0%B8%D0%BB%D1%8C%D0%BD%D0%B0%D1%8F%20%D0%BA%D0%B0%D0%BD%D1%86%D0%B5%D0%BB%D1%8F%D1%80%D0%B8%D1%8F.%20%D0%94%D0%B0%D1%80%D0%B8%D1%82%D0%B5%20%D0%B1%D0%BE%D0%BB%D1%8C%D1%88%D0%B5%20%D0%BC%D0%B0%D0%BB%D0%B5%D0%BD%D1%8C%D0%BA%D0%B8%D1%85%20%D1%80%D0%B0%D0%B4%D0%BE%D1%81%D1%82%D0%B5%D0%B9%20%D1%81%D0%B5%D0%B1%D0%B5%20%D0%B8%20%D0%B1%D0%BB%D0%B8%D0%B7%D0%BA%D0%B8%D0%BC.%2040%20%D0%BC%D0%B0%D0%B3%D0%B0%D0%B7%D0%B8%D0%BD%D0%BE%D0%B2%2B%D0%BE%D0%BD-%D0%BB%D0%B0%D0%B9%D0%BD%20%D0%B7%D0%B0%D0%BA%D0%B0%D0%B7%20%D1%81%20%D0%B4%D0%BE%D1%81%D1%82%D0%B0%D0%B2%D0%BA%D0%BE%D0%B9%20%D0%BF%D0%BE%20%D0%A0%D0%BE%D1%81%D1%81%D0%B8%D0%B8%22%7D&cd[OpenGraph]=%7B%7D&cd[Schema.org]=%5B%5D&cd[JSON-LD]=%5B%5D&sw=1536&sh=864&v=2.9.64&r=stable&ec=1&o=62&fbp=fb.1.1656780045174.1693477205&it=1656780137036&coo=false&es=automatic&tm=3&rqm=GET - Failed to load resource: net::ERR_CONNECTION_RESET
]]></system-out>
  </testcase>
  <testcase name="addItemByCard" classname="org.example.HW6_pageObject.TestWithLogin" time="21.867"/>
</testsuite>